2024/11/18 16:06:29 Database connection successful
2024/11/18 16:06:29 successfully executed SQL statement: USE test
2024/11/18 16:06:29 failed to initialize the database: failed to execute SQL statement: Error 1050 (42S01): Table 'warehouse' already exists
2024/11/18 16:07:37 Database connection successful
2024/11/18 16:07:37 successfully executed SQL statement: USE test
2024/11/18 16:07:37 successfully executed SQL statement: -- 仓库表
CREATE TABLE warehouse (
    warehouse_id INT AUTO_INCREMENT PRIMARY KEY,
    warehouse_name VARCHAR(255) NOT NULL,
    location VARCHAR(255) NOT NULL,
    status ENUM('active', 'inactive') DEFAULT 'active',
    capacity INT NOT NULL DEFAULT 0
)
2024/11/18 16:07:37 successfully executed SQL statement: -- 货物表
CREATE TABLE goods (
    goods_id INT AUTO_INCREMENT PRIMARY KEY,
    goods_name VARCHAR(255) NOT NULL,
    goods_type VARCHAR(100) NOT NULL,
    owner_id INT NOT NULL,
    price DECIMAL(10, 2) NOT NULL,
    quantity INT NOT NULL,
    warehouse_id INT,
    FOREIGN KEY (warehouse_id) REFERENCES warehouse(warehouse_id)
)
2024/11/18 16:07:37 successfully executed SQL statement: -- 入库日志表
CREATE TABLE inbound_log (
    log_id INT AUTO_INCREMENT PRIMARY KEY,
    goods_id INT NOT NULL,
    quantity INT NOT NULL,
    price DECIMAL(10, 2) NOT NULL,
    warehouse_id INT NOT NULL,
    owner_id INT NOT NULL,
    inbound_date TIMESTAMP DEFAULT CURRENT_TIMESTAMP,
    FOREIGN KEY (goods_id) REFERENCES goods(goods_id),
    FOREIGN KEY (warehouse_id) REFERENCES warehouse(warehouse_id)
)
2024/11/18 16:07:37 successfully executed SQL statement: -- 出库日志表
CREATE TABLE outbound_log (
    log_id INT AUTO_INCREMENT PRIMARY KEY,
    goods_id INT NOT NULL,
    quantity INT NOT NULL,
    price DECIMAL(10, 2) NOT NULL,
    warehouse_id INT NOT NULL,
    owner_id INT NOT NULL,
    outbound_date TIMESTAMP DEFAULT CURRENT_TIMESTAMP,
    FOREIGN KEY (goods_id) REFERENCES goods(goods_id),
    FOREIGN KEY (warehouse_id) REFERENCES warehouse(warehouse_id)
)
2024/11/18 16:07:37 successfully executed SQL statement: -- 货物价格历史表
CREATE TABLE goods_price_history (
    price_id INT AUTO_INCREMENT PRIMARY KEY,
    goods_id INT NOT NULL,
    old_price DECIMAL(10, 2) NOT NULL,
    new_price DECIMAL(10, 2) NOT NULL,
    change_date TIMESTAMP DEFAULT CURRENT_TIMESTAMP,
    FOREIGN KEY (goods_id) REFERENCES goods(goods_id)
)
2024/11/18 16:07:37 Database initialization succeeded
2024/11/18 16:09:27 Database connection successful
2024/11/18 16:09:27 successfully executed SQL statement: USE test
2024/11/18 16:09:27 successfully executed SQL statement: -- 仓库表
CREATE TABLE warehouse (
    warehouse_id INT AUTO_INCREMENT PRIMARY KEY,
    warehouse_name VARCHAR(255) NOT NULL,
    location VARCHAR(255) NOT NULL,
    status ENUM('active', 'inactive') DEFAULT 'active',
    capacity INT NOT NULL DEFAULT 0
)
2024/11/18 16:09:27 successfully executed SQL statement: -- 货物表
CREATE TABLE goods (
    goods_id INT AUTO_INCREMENT PRIMARY KEY,
    goods_name VARCHAR(255) NOT NULL,
    goods_type VARCHAR(100) NOT NULL,
    owner_id INT NOT NULL,
    price DECIMAL(10, 2) NOT NULL,
    quantity INT NOT NULL,
    warehouse_id INT,
    FOREIGN KEY (warehouse_id) REFERENCES warehouse(warehouse_id)
)
2024/11/18 16:09:27 successfully executed SQL statement: -- 入库日志表
CREATE TABLE inbound_log (
    log_id INT AUTO_INCREMENT PRIMARY KEY,
    goods_id INT NOT NULL,
    quantity INT NOT NULL,
    price DECIMAL(10, 2) NOT NULL,
    warehouse_id INT NOT NULL,
    owner_id INT NOT NULL,
    inbound_date TIMESTAMP DEFAULT CURRENT_TIMESTAMP,
    FOREIGN KEY (goods_id) REFERENCES goods(goods_id),
    FOREIGN KEY (warehouse_id) REFERENCES warehouse(warehouse_id)
)
2024/11/18 16:09:27 successfully executed SQL statement: -- 出库日志表
CREATE TABLE outbound_log (
    log_id INT AUTO_INCREMENT PRIMARY KEY,
    goods_id INT NOT NULL,
    quantity INT NOT NULL,
    price DECIMAL(10, 2) NOT NULL,
    warehouse_id INT NOT NULL,
    owner_id INT NOT NULL,
    outbound_date TIMESTAMP DEFAULT CURRENT_TIMESTAMP,
    FOREIGN KEY (goods_id) REFERENCES goods(goods_id),
    FOREIGN KEY (warehouse_id) REFERENCES warehouse(warehouse_id)
)
2024/11/18 16:09:27 successfully executed SQL statement: -- 货物价格历史表
CREATE TABLE goods_price_history (
    price_id INT AUTO_INCREMENT PRIMARY KEY,
    goods_id INT NOT NULL,
    old_price DECIMAL(10, 2) NOT NULL,
    new_price DECIMAL(10, 2) NOT NULL,
    change_date TIMESTAMP DEFAULT CURRENT_TIMESTAMP,
    FOREIGN KEY (goods_id) REFERENCES goods(goods_id)
)
2024/11/18 16:09:27 Database initialization succeeded
